make all --print-data-base --no-builtin-variables --no-builtin-rules --question
# GNU Make 3.81
# Copyright (C) 2006  Free Software Foundation, Inc.
# This is free software; see the source for copying conditions.
# There is NO warranty; not even for MERCHANTABILITY or FITNESS FOR A
# PARTICULAR PURPOSE.

# This program built for i386-apple-darwin11.3.0
 

# Make data base, printed on Thu Jun 23 14:27:40 2022

# Variables

# automatic
<D = $(patsubst %/,%,$(dir $<))
# automatic
?F = $(notdir $?)
# makefile (from `Makefile', line 28)
OBJ = $(SRC:.c=.o)
# makefile (from `Makefile', line 15)
SRC = ./SRC/main.c ./SRC/path.c ./SRC/ms_split.c ./SRC/ms_split_utils.c ./SRC/ft_replace.c ./SRC/parse.c ./SRC/list_utils.c ./SRC/execute.c ./SRC/builtin/check_builtin.c ./SRC/builtin/builtin.c ./SRC/builtin/echo.c ./SRC/builtin/chdir.c ./SRC/builtin/export.c ./SRC/builtin/export_one.c ./SRC/builtin/export_two.c ./SRC/builtin/unset.c ./SRC/signals.c ./SRC/rm_ctrl.c ./SRC/wd_split.c ./SRC/wildcard.c ./SRC/wildcard_help.c ./SRC/re_dir.c ./SRC/ft_pipe.c ./SRC/ft_and_or.c ./SRC/execute_b.c ./SRC/ft_replace_b.c ./SRC/syntax_error.c ./SRC/ft_find.c ./SRC/ft_par.c 
# environment
VSCODE_LOG_NATIVE = false
# automatic
?D = $(patsubst %/,%,$(dir $?))
# automatic
 
@D = $(patsubst %/,%,$(dir $@))
# automatic
@F = $(notdir $@)
# makefile
CURDIR := /Users/fdrudi/42_Cursus/42_minishell
# makefile
SHELL = /bin/sh
# makefile (from `Makefile', line 37)
RM = rm -f
# environment
VSCODE_NLS_CONFIG = {"locale":"en-us","availableLanguages":{},"_languagePackSupport":true}
# environment
_ = /usr/bin/make
# makefile (from `Makefile', line 39)
CFLAGS = -Wall -Wextra -Werror
# makefile (from `Makefile', line 1)
MAKEFILE_LIST :=  Makefile
# environment
VSCODE_VERBOSE_LOGGING = true
# environment
VSCODE_IPC_HOOK_EXTHOST = /var/folders/zz/zyxvpxvq6csfxvn_n0001l50000cs8/T/vscode-ipc-100bf2b3-f968-4985-89c4-10efb867b5f1.sock
# makefile (from `Makefile', line 32)
READLINE = -L/usr/include -lreadline -L$(HOME)/.brew/opt/readline/lib -I$(HOME)/.brew/opt/readline/include 
# environment
VSCODE_CWD = /
# environment
Apple_PubSub_Socket_Render = /private/tmp/com.apple.launchd.fScFtC23hE/Render
# environment
PATH = /Users/fdrudi/.brew/bin:/Users/fdrudi/.brew/bin:/Users/fdrudi/.brew/bin:/Users/fdrudi/.brew/bin:/Users/fdrudi/.brew/bin:/Users/fdrudi/.brew/bin:/usr/local/bin:/usr/bin:/bin:/usr/sbin:/sbin:/usr/local/munki
# environment
LSCOLORS = Gxfxcxdxbxegedabagacad
# environment
VSCODE_LOG_STACK = false
# environment
ELECTRON_RUN_AS_NODE = 1
# default
.FEATURES := target-specific order-only second-expansion else-if archives jobserver check-symlink
# environment
SSH_AUTH_SOCK = /private/tmp/com.apple.launchd.t8RFsYiTTn/Listeners
# automatic
%F = $(notdir $%)
# environment
VSCODE_PIPE_LOGGING = true
# environment
PWD = /Users/fdrudi/42_Cursus/42_minishell
# environment
ORIGINAL_XDG_CURRENT_DESKTOP = undefined
# environment
VSCODE_AMD_ENTRYPOINT = vs/workbench/api/node/extensionHostProcess
# environment
HOME = /Users/fdrudi
# default
MAKEFILEPATH := /Applications/Xcode.app/Contents/Developer/Makefiles
# environment
VSCODE_CODE_CACHE_PATH = /Users/fdrudi/Library/Application Support/Code/CachedData/30d9c6cd9483b2cc586687151bcbcd635f373630
# environment
LOGNAME = fdrudi
# environment
APPLICATION_INSIGHTS_NO_DIAGNOSTIC_CHANNEL = true
# environment
ZSH = /Users/fdrudi/.oh-my-zsh
# environment
VSCODE_HANDLES_UNCAUGHT_ERRORS = true
# automatic
^D = $(patsubst %/,%,$(dir $^))
# environment
XPC_FLAGS = 0x0
# default
MAKE = $(MAKE_COMMAND)
# default
MAKECMDGOALS := all
# environment
SHLVL = 1
# makefile (from `Makefile', line 30)
LIBFT = libft/libft.a
# makefile (from `Makefile', line 35)
CC = gcc 
# default
MAKE_VERSION := 3.81
# environment
USER = fdrudi
# makefile
.DEFAULT_GOAL := minishell
# makefile (from `Makefile', line 13)
NAME = minishell
# environment
LESS = -R
# automatic
%D = $(patsubst %/,%,$(dir $%))
# default
MAKE_COMMAND := /Applications/Xcode.app/Contents/Developer/usr/bin/make
# default
.VARIABLES := 
# environment
TMPDIR = /var/folders/zz/zyxvpxvq6csfxvn_n0001l50000cs8/T/
# automatic
*F = $(notdir $*)
# environment
VSCODE_IPC_HOOK = /Users/fdrudi/Library/Application Support/Code/1.68.1-main.sock
# makefile
MAKEFLAGS = Rrqp
# environment
MFLAGS = -Rrqp
# automatic
*D = $(patsubst %/,%,$(dir $*))
# environment
XPC_SERVICE_NAME = com.apple.xpc.launchd.oneshot.0x10000001.Electron
# automatic
+D = $(patsubst %/,%,$(dir $+))
# automatic
+F = $(notdir $+)
# environment
__CF_USER_TEXT_ENCODING = 0x3328:0x0:0x0
# environment
COMMAND_MODE = unix2003
# default
MAKEFILES := 
# automatic
<F = $(notdir $<)
# environment
PAGER = less
# environment
LC_ALL = C
# environment
SECURITYSESSIONID = 186a8
# automatic
^F = $(notdir $^)
# default
SUFFIXES := 
# default
.INCLUDE_DIRS = /usr/local/include
# environment
MAKELEVEL := 0
# environment
LANG = C
# environment
VSCODE_PID = 1112
# variable set hash-table stats:
# Load=75/1024=7%, Rehash=0, Collisions=3/105=3%

# Pattern-specific Variable Values

# No pattern-specific variable values.

# Directories

# SRC/builtin (device 16777224, inode 1048402): 17 files, no impossibilities so far.
# SRC (device 16777224, inode 730632): 44 files, no impossibilities so far.
# . (device 16777224, inode 730564): 12 files, no impossibilities.

# 73 files, no impossibilities in 3 directories.

# Implicit Rules

%.o: %.c
#  commands to execute (from `Makefile', line 42):
	$(CC) -g $(CFLAGS) -c $< -o $@
	

# 1 implicit rules, 0 (0.0%) terminal.

# Files

SRC/builtin/unset.o: SRC/builtin/unset.c
#  Implicit rule search has been done.
#  Implicit/static pattern stem: `SRC/builtin/unset'
#  Last modified 2022-06-23 14:27:26
#  File has been updated.
#  Successfully updated.
# variable set hash-table stats:
# Load=0/32=0%, Rehash=0, Collisions=0/0=0%
#  commands to execute (from `Makefile', line 42):
	$(CC) -g $(CFLAGS) -c $< -o $@
	

# Not a target:
SRC/ft_replace.c:
#  Implicit rule search has been done.
#  Last modified 2022-06-23 11:00:36
#  File has been updated.
#  Successfully updated.
# variable set hash-table stats:
# Load=0/32=0%, Rehash=0, Collisions=0/0=0%

SRC/ms_split_utils.o: SRC/ms_split_utils.c
#  Implicit rule search has been done.
#  Implicit/static pattern stem: `SRC/ms_split_utils'
#  Last modified 2022-06-23 14:27:25
#  File has been updated.
#  Successfully updated.
# variable set hash-table stats:
# Load=0/32=0%, Rehash=0, Collisions=0/0=0%
#  commands to execute (from `Makefile', line 42):
	$(CC) -g $(CFLAGS) -c $< -o $@
	

# Not a target:
SRC/re_dir.c:
#  Implicit rule search has been done.
#  Last modified 2022-06-23 11:00:36
#  File has been updated.
#  Successfully updated.
# variable set hash-table stats:
# Load=0/32=0%, Rehash=0, Collisions=0/0=0%

SRC/ft_replace_b.o: SRC/ft_replace_b.c
#  Implicit rule search has been done.
#  Implicit/static pattern stem: `SRC/ft_replace_b'
#  Last modified 2022-06-23 14:27:27
#  File has been updated.
#  Successfully updated.
# variable set hash-table stats:
# Load=0/32=0%, Rehash=0, Collisions=0/0=0%
#  commands to execute (from `Makefile', line 42):
	$(CC) -g $(CFLAGS) -c $< -o $@
	

all: minishell
#  Phony target (prerequisite of .PHONY).
#  Command-line target.
#  Implicit rule search has not been done.
#  File does not exist.
#  File has been updated.
#  Successfully updated.
# variable set hash-table stats:
# Load=0/32=0%, Rehash=0, Collisions=0/0=0%

SRC/signals.o: SRC/signals.c
#  Implicit rule search has been done.
#  Implicit/static pattern stem: `SRC/signals'
#  Last modified 2022-06-23 14:27:26
#  File has been updated.
#  Successfully updated.
# variable set hash-table stats:
# Load=0/32=0%, Rehash=0, Collisions=0/0=0%
#  commands to execute (from `Makefile', line 42):
	$(CC) -g $(CFLAGS) -c $< -o $@
	

.PHONY: all clean fclean re
#  Implicit rule search has not been done.
#  Modification time never checked.
#  File has not been updated.

# Not a target:
SRC/main.c:
#  Implicit rule search has been done.
#  Last modified 2022-06-23 12:57:21
#  File has been updated.
#  Successfully updated.
# variable set hash-table stats:
# Load=0/32=0%, Rehash=0, Collisions=0/0=0%

SRC/ft_find.o: SRC/ft_find.c
#  Implicit rule search has been done.
#  Implicit/static pattern stem: `SRC/ft_find'
#  Last modified 2022-06-23 14:27:27
#  File has been updated.
#  Successfully updated.
# variable set hash-table stats:
# Load=0/32=0%, Rehash=0, Collisions=0/0=0%
#  commands to execute (from `Makefile', line 42):
	$(CC) -g $(CFLAGS) -c $< -o $@
	

SRC/parse.o: SRC/parse.c
#  Implicit rule search has been done.
#  Implicit/static pattern stem: `SRC/parse'
#  Last modified 2022-06-23 14:27:26
#  File has been updated.
#  Successfully updated.
# variable set hash-table stats:
# Load=0/32=0%, Rehash=0, Collisions=0/0=0%
#  commands to execute (from `Makefile', line 42):
	$(CC) -g $(CFLAGS) -c $< -o $@
	

# Not a target:
SRC/execute.c:
#  Implicit rule search has been done.
#  Last modified 2022-06-23 12:18:06
 
#  File has been updated.
#  Successfully updated.
# variable set hash-table stats:
# Load=0/32=0%, Rehash=0, Collisions=0/0=0%

SRC/execute_b.o: SRC/execute_b.c
#  Implicit rule search has been done.
#  Implicit/static pattern stem: `SRC/execute_b'
#  Last modified 2022-06-23 14:27:27
#  File has been updated.
#  Successfully updated.
# variable set hash-table stats:
# Load=0/32=0%, Rehash=0, Collisions=0/0=0%
#  commands to execute (from `Makefile', line 42):
	$(CC) -g $(CFLAGS) -c $< -o $@
	

# Not a target:
.SUFFIXES:
#  Implicit rule search has not been done.
#  Modification time never checked.
#  File has not been updated.

SRC/wildcard.o: SRC/wildcard.c
#  Implicit rule search has been done.
#  Implicit/static pattern stem: `SRC/wildcard'
#  Last modified 2022-06-23 14:27:26
#  File has been updated.
#  Successfully updated.
# variable set hash-table stats:
# Load=0/32=0%, Rehash=0, Collisions=0/0=0%
#  commands to execute (from `Makefile', line 42):
	$(CC) -g $(CFLAGS) -c $< -o $@
	

# Not a target:
Makefile:
#  Implicit rule search has been done.
#  Last modified 2022-06-23 14:27:36
#  File has been updated.
#  Successfully updated.
# variable set hash-table stats:
# Load=0/32=0%, Rehash=0, Collisions=0/0=0%

SRC/builtin/check_builtin.o: SRC/builtin/check_builtin.c
#  Implicit rule search has been done.
#  Implicit/static pattern stem: `SRC/builtin/check_builtin'
#  Last modified 2022-06-23 14:27:26
#  File has been updated.
#  Successfully updated.
# variable set hash-table stats:
# Load=0/32=0%, Rehash=0, Collisions=0/0=0%
#  commands to execute (from `Makefile', line 42):
	$(CC) -g $(CFLAGS) -c $< -o $@
	

# Not a target:
SRC/builtin/builtin.c:
#  Implicit rule search has been done.
#  Last modified 2022-06-23 12:53:09
#  File has been updated.
#  Successfully updated.
# variable set hash-table stats:
# Load=0/32=0%, Rehash=0, Collisions=0/0=0%

# Not a target:
SRC/ft_and_or.c:
#  Implicit rule search has been done.
#  Last modified 2022-06-23 12:18:28
#  File has been updated.
#  Successfully updated.
# variable set hash-table stats:
# Load=0/32=0%, Rehash=0, Collisions=0/0=0%

SRC/ft_par.o: SRC/ft_par.c
#  Implicit rule search has been done.
#  Implicit/static pattern stem: `SRC/ft_par'
#  Last modified 2022-06-23 14:27:27
#  File has been updated.
#  Successfully updated.
# variable set hash-table stats:
# Load=0/32=0%, Rehash=0, Collisions=0/0=0%
#  commands to execute (from `Makefile', line 42):
	$(CC) -g $(CFLAGS) -c $< -o $@
	

SRC/ft_pipe.o: SRC/ft_pipe.c
#  Implicit rule search has been done.
#  Implicit/static pattern stem: `SRC/ft_pipe'
#  Last modified 2022-06-23 14:27:26
#  File has been updated.
#  Successfully updated.
# variable set hash-table stats:
# Load=0/32=0%, Rehash=0, Collisions=0/0=0%
#  commands to execute (from `Makefile', line 42):
	$(CC) -g $(CFLAGS) -c $< -o $@
	

SRC/wd_split.o: SRC/wd_split.c
#  Implicit rule search has been done.
#  Implicit/static pattern stem: `SRC/wd_split'
#  Last modified 2022-06-23 14:27:26
#  File has been updated.
#  Successfully updated.
# variable set hash-table stats:
# Load=0/32=0%, Rehash=0, Collisions=0/0=0%
#  commands to execute (from `Makefile', line 42):
	$(CC) -g $(CFLAGS) -c $< -o $@
	

SRC/list_utils.o: SRC/list_utils.c
#  Implicit rule search has been done.
#  Implicit/static pattern stem: `SRC/list_utils'
#  Last modified 2022-06-23 14:27:26
#  File has been updated.
#  Successfully updated.
# variable set hash-table stats:
# Load=0/32=0%, Rehash=0, Collisions=0/0=0%
#  commands to execute (from `Makefile', line 42):
	$(CC) -g $(CFLAGS) -c $< -o $@
	

# Not a target:
SRC/builtin/export_one.c:
#  Implicit rule search has been done.
#  Last modified 2022-06-23 11:45:04
#  File has been updated.
#  Successfully updated.
# variable set hash-table stats:
# Load=0/32=0%, Rehash=0, Collisions=0/0=0%

# Not a target:
SRC/rm_ctrl.c:
#  Implicit rule search has been done.
#  Last modified 2022-06-23 11:00:36
#  File has been updated.
#  Successfully updated.
# variable set hash-table stats:
# Load=0/32=0%, Rehash=0, Collisions=0/0=0%

# Not a target:
SRC/builtin/unset.c:
#  Implicit rule search has been done.
#  Last modified 2022-06-21 16:24:29
#  File has been updated.
#  Successfully updated.
# variable set hash-table stats:
# Load=0/32=0%, Rehash=0, Collisions=0/0=0%

SRC/wildcard_help.o: SRC/wildcard_help.c
#  Implicit rule search has been done.
#  Implicit/static pattern stem: `SRC/wildcard_help'
#  Last modified 2022-06-23 14:27:26
#  File has been updated.
#  Successfully updated.
# variable set hash-table stats:
# Load=0/32=0%, Rehash=0, Collisions=0/0=0%
#  commands to execute (from `Makefile', line 42):
	$(CC) -g $(CFLAGS) -c $< -o $@
	

SRC/syntax_error.o: SRC/syntax_error.c
#  Implicit rule search has been done.
#  Implicit/static pattern stem: `SRC/syntax_error'
#  Last modified 2022-06-23 14:27:27
#  File has been updated.
#  Successfully updated.
# variable set hash-table stats:
# Load=0/32=0%, Rehash=0, Collisions=0/0=0%
#  commands to execute (from `Makefile', line 42):
	$(CC) -g $(CFLAGS) -c $< -o $@
	

# Not a target:
SRC/path.c:
#  Implicit rule search has been done.
#  Last modified 2022-06-23 11:00:36
#  File has been updated.
#  Successfully updated.
# variable set hash-table stats:
# Load=0/32=0%, Rehash=0, Collisions=0/0=0%

# Not a target:
SRC/ms_split_utils.c:
#  Implicit rule search has been done.
#  Last modified 2022-06-22 11:53:48
#  File has been updated.
#  Successfully updated.
# variable set hash-table stats:
# Load=0/32=0%, Rehash=0, Collisions=0/0=0%

# Not a target:
SRC/ft_replace_b.c:
#  Implicit rule search has been done.
#  Last modified 2022-06-23 11:00:36
#  File has been updated.
#  Successfully updated.
# variable set hash-table stats:
# Load=0/32=0%, Rehash=0, Collisions=0/0=0%

SRC/ms_split.o: SRC/ms_split.c
#  Implicit rule search has been done.
#  Implicit/static pattern stem: `SRC/ms_split'
#  Last modified 2022-06-23 14:27:25
#  File has been updated.
#  Successfully updated.
# variable set hash-table stats:
# Load=0/32=0%, Rehash=0, Collisions=0/0=0%
#  commands to execute (from `Makefile', line 42):
	$(CC) -g $(CFLAGS) -c $< -o $@
	

minishell: libft/libft.a SRC/main.o SRC/path.o SRC/ms_split.o SRC/ms_split_utils.o SRC/ft_replace.o SRC/parse.o SRC/list_utils.o SRC/execute.o SRC/builtin/check_builtin.o SRC/builtin/builtin.o SRC/builtin/echo.o SRC/builtin/chdir.o SRC/builtin/export.o SRC/builtin/export_one.o SRC/builtin/export_two.o SRC/builtin/unset.o SRC/signals.o SRC/rm_ctrl.o SRC/wd_split.o SRC/wildcard.o SRC/wildcard_help.o SRC/re_dir.o SRC/ft_pipe.o SRC/ft_and_or.o SRC/execute_b.o SRC/ft_replace_b.o SRC/syntax_error.o SRC/ft_find.o SRC/ft_par.o
#  Implicit rule search has not been done.
#  Last modified 2022-06-23 14:27:27
#  File has been updated.
#  Successfully updated.
# variable set hash-table stats:
# Load=0/32=0%, Rehash=0, Collisions=0/0=0%
#  commands to execute (from `Makefile', line 45):
	$(CC) $(CFLAGS) $(OBJ) $(LIBFT) -o $(NAME) $(READLINE)
	

libft/libft.a:
#  Implicit rule search has not been done.
#  Last modified 2022-06-23 12:45:30
#  File has been updated.
#  Successfully updated.
#  commands to execute (from `Makefile', line 47):
	make -C ./libft
	

# Not a target:
SRC/signals.c:
#  Implicit rule search has been done.
#  Last modified 2022-06-23 12:54:19
#  File has been updated.
#  Successfully updated.
# variable set hash-table stats:
# Load=0/32=0%, Rehash=0, Collisions=0/0=0%

fclean: clean
#  Phony target (prerequisite of .PHONY).
#  Implicit rule search has not been done.
#  File does not exist.
#  File has not been updated.
#  commands to execute (from `Makefile', line 55):
	${RM} $(NAME) ${OBJ}
	

SRC/builtin/echo.o: SRC/builtin/echo.c
#  Implicit rule search has been done.
#  Implicit/static pattern stem: `SRC/builtin/echo'
#  Last modified 2022-06-23 14:27:26
#  File has been updated.
#  Successfully updated.
# variable set hash-table stats:
# Load=0/32=0%, Rehash=0, Collisions=0/0=0%
#  commands to execute (from `Makefile', line 42):
	$(CC) -g $(CFLAGS) -c $< -o $@
	

norm:
#  Implicit rule search has not been done.
#  Modification time never checked.
 
#  File has not been updated.
#  commands to execute (from `Makefile', line 65):
	@norminette
	

SRC/builtin/export_two.o: SRC/builtin/export_two.c
#  Implicit rule search has been done.
#  Implicit/static pattern stem: `SRC/builtin/export_two'
#  Last modified 2022-06-23 14:27:26
#  File has been updated.
#  Successfully updated.
# variable set hash-table stats:
# Load=0/32=0%, Rehash=0, Collisions=0/0=0%
#  commands to execute (from `Makefile', line 42):
	$(CC) -g $(CFLAGS) -c $< -o $@
	

# Not a target:
SRC/parse.c:
#  Implicit rule search has been done.
#  Last modified 2022-06-23 13:12:20
#  File has been updated.
#  Successfully updated.
# variable set hash-table stats:
# Load=0/32=0%, Rehash=0, Collisions=0/0=0%

SRC/builtin/export.o: SRC/builtin/export.c
#  Implicit rule search has been done.
#  Implicit/static pattern stem: `SRC/builtin/export'
#  Last modified 2022-06-23 14:27:26
#  File has been updated.
#  Successfully updated.
# variable set hash-table stats:
# Load=0/32=0%, Rehash=0, Collisions=0/0=0%
#  commands to execute (from `Makefile', line 42):
	$(CC) -g $(CFLAGS) -c $< -o $@
	

fclean.all: fclean
#  Implicit rule search has not been done.
#  Modification time never checked.
#  File has not been updated.
#  commands to execute (from `Makefile', line 58):
	make fclean -C ./libft
	

# Not a target:
.DEFAULT:
#  Implicit rule search has not been done.
#  Modification time never checked.
#  File has not been updated.

# Not a target:
SRC/execute_b.c:
#  Implicit rule search has been done.
#  Last modified 2022-06-23 11:00:36
#  File has been updated.
#  Successfully updated.
# variable set hash-table stats:
# Load=0/32=0%, Rehash=0, Collisions=0/0=0%

# Not a target:
SRC/ft_find.c:
#  Implicit rule search has been done.
#  Last modified 2022-06-22 16:53:56
#  File has been updated.
#  Successfully updated.
# variable set hash-table stats:
# Load=0/32=0%, Rehash=0, Collisions=0/0=0%

# Not a target:
SRC/wildcard.c:
#  Implicit rule search has been done.
#  Last modified 2022-06-23 11:00:36
#  File has been updated.
#  Successfully updated.
# variable set hash-table stats:
# Load=0/32=0%, Rehash=0, Collisions=0/0=0%

# Not a target:
SRC/builtin/check_builtin.c:
#  Implicit rule search has been done.
#  Last modified 2022-06-23 12:50:20
#  File has been updated.
#  Successfully updated.
# variable set hash-table stats:
# Load=0/32=0%, Rehash=0, Collisions=0/0=0%

# Not a target:
SRC/ft_par.c:
#  Implicit rule search has been done.
#  Last modified 2022-06-23 14:26:31
#  File has been updated.
#  Successfully updated.
# variable set hash-table stats:
# Load=0/32=0%, Rehash=0, Collisions=0/0=0%

# Not a target:
SRC/ft_pipe.c:
#  Implicit rule search has been done.
#  Last modified 2022-06-22 12:40:33
#  File has been updated.
#  Successfully updated.
# variable set hash-table stats:
# Load=0/32=0%, Rehash=0, Collisions=0/0=0%

# Not a target:
SRC/wd_split.c:
#  Implicit rule search has been done.
#  Last modified 2022-06-22 12:10:24
#  File has been updated.
#  Successfully updated.
# variable set hash-table stats:
# Load=0/32=0%, Rehash=0, Collisions=0/0=0%

SRC/builtin/chdir.o: SRC/builtin/chdir.c
#  Implicit rule search has been done.
#  Implicit/static pattern stem: `SRC/builtin/chdir'
#  Last modified 2022-06-23 14:27:26
#  File has been updated.
#  Successfully updated.
# variable set hash-table stats:
# Load=0/32=0%, Rehash=0, Collisions=0/0=0%
#  commands to execute (from `Makefile', line 42):
	$(CC) -g $(CFLAGS) -c $< -o $@
	

re: fclean all
#  Phony target (prerequisite of .PHONY).
#  Implicit rule search has not been done.
#  File does not exist.
#  File has not been updated.

run: all
#  Implicit rule search has not been done.
#  Modification time never checked.
#  File has not been updated.
#  commands to execute (from `Makefile', line 68):
	@./minishell
	

# Not a target:
SRC/list_utils.c:
#  Implicit rule search has been done.
#  Last modified 2022-06-23 12:05:43
#  File has been updated.
#  Successfully updated.
# variable set hash-table stats:
# Load=0/32=0%, Rehash=0, Collisions=0/0=0%

clean:
#  Phony target (prerequisite of .PHONY).
#  Implicit rule search has not been done.
#  File does not exist.
#  File has not been updated.
#  commands to execute (from `Makefile', line 52):
	${RM} $(OBJ)
	

SRC/ft_replace.o: SRC/ft_replace.c
#  Implicit rule search has been done.
#  Implicit/static pattern stem: `SRC/ft_replace'
#  Last modified 2022-06-23 14:27:26
#  File has been updated.
#  Successfully updated.
# variable set hash-table stats:
# Load=0/32=0%, Rehash=0, Collisions=0/0=0%
#  commands to execute (from `Makefile', line 42):
	$(CC) -g $(CFLAGS) -c $< -o $@
	

SRC/re_dir.o: SRC/re_dir.c
#  Implicit rule search has been done.
#  Implicit/static pattern stem: `SRC/re_dir'
#  Last modified 2022-06-23 14:27:26
#  File has been updated.
#  Successfully updated.
# variable set hash-table stats:
# Load=0/32=0%, Rehash=0, Collisions=0/0=0%
#  commands to execute (from `Makefile', line 42):
	$(CC) -g $(CFLAGS) -c $< -o $@
	

# Not a target:
SRC/wildcard_help.c:
#  Implicit rule search has been done.
#  Last modified 2022-06-22 16:47:56
#  File has been updated.
#  Successfully updated.
# variable set hash-table stats:
# Load=0/32=0%, Rehash=0, Collisions=0/0=0%

# Not a target:
SRC/syntax_error.c:
#  Implicit rule search has been done.
#  Last modified 2022-06-23 14:23:35
#  File has been updated.
#  Successfully updated.
# variable set hash-table stats:
# Load=0/32=0%, Rehash=0, Collisions=0/0=0%

re.all: fclean.all all
#  Implicit rule search has not been done.
#  Modification time never checked.
#  File has not been updated.

# Not a target:
SRC/ms_split.c:
#  Implicit rule search has been done.
#  Last modified 2022-06-22 12:19:31
#  File has been updated.
#  Successfully updated.
# variable set hash-table stats:
# Load=0/32=0%, Rehash=0, Collisions=0/0=0%

SRC/main.o: SRC/main.c
#  Implicit rule search has been done.
#  Implicit/static pattern stem: `SRC/main'
#  Last modified 2022-06-23 14:27:25
#  File has been updated.
#  Successfully updated.
# variable set hash-table stats:
# Load=0/32=0%, Rehash=0, Collisions=0/0=0%
#  commands to execute (from `Makefile', line 42):
	$(CC) -g $(CFLAGS) -c $< -o $@
	

SRC/path.o: SRC/path.c
#  Implicit rule search has been done.
#  Implicit/static pattern stem: `SRC/path'
#  Last modified 2022-06-23 14:27:25
#  File has been updated.
#  Successfully updated.
# variable set hash-table stats:
# Load=0/32=0%, Rehash=0, Collisions=0/0=0%
#  commands to execute (from `Makefile', line 42):
	$(CC) -g $(CFLAGS) -c $< -o $@
	

# Not a target:
SRC/builtin/echo.c:
#  Implicit rule search has been done.
#  Last modified 2022-06-21 16:24:23
#  File has been updated.
#  Successfully updated.
# variable set hash-table stats:
# Load=0/32=0%, Rehash=0, Collisions=0/0=0%

SRC/execute.o: SRC/execute.c
#  Implicit rule search has been done.
#  Implicit/static pattern stem: `SRC/execute'
#  Last modified 2022-06-23 14:27:26
#  File has been updated.
#  Successfully updated.
# variable set hash-table stats:
# Load=0/32=0%, Rehash=0, Collisions=0/0=0%
#  commands to execute (from `Makefile', line 42):
	$(CC) -g $(CFLAGS) -c $< -o $@
	

# Not a target:
SRC/builtin/export_two.c:
#  Implicit rule search has been done.
#  Last modified 2022-06-23 11:13:12
#  File has been updated.
#  Successfully updated.
# variable set hash-table stats:
# Load=0/32=0%, Rehash=0, Collisions=0/0=0%

# Not a target:
SRC/builtin/export.c:
#  Implicit rule search has been done.
#  Last modified 2022-06-23 11:34:37
#  File has been updated.
#  Successfully updated.
# variable set hash-table stats:
# Load=0/32=0%, Rehash=0, Collisions=0/0=0%

SRC/builtin/builtin.o: SRC/builtin/builtin.c
#  Implicit rule search has been done.
#  Implicit/static pattern stem: `SRC/builtin/builtin'
#  Last modified 2022-06-23 14:27:26
#  File has been updated.
#  Successfully updated.
# variable set hash-table stats:
# Load=0/32=0%, Rehash=0, Collisions=0/0=0%
#  commands to execute (from `Makefile', line 42):
	$(CC) -g $(CFLAGS) -c $< -o $@
	

SRC/ft_and_or.o: SRC/ft_and_or.c
#  Implicit rule search has been done.
 
#  Implicit/static pattern stem: `SRC/ft_and_or'
#  Last modified 2022-06-23 14:27:27
#  File has been updated.
#  Successfully updated.
# variable set hash-table stats:
# Load=0/32=0%, Rehash=0, Collisions=0/0=0%
#  commands to execute (from `Makefile', line 42):
	$(CC) -g $(CFLAGS) -c $< -o $@
	

# Not a target:
SRC/builtin/chdir.c:
#  Implicit rule search has been done.
#  Last modified 2022-06-22 12:14:06
#  File has been updated.
#  Successfully updated.
# variable set hash-table stats:
# Load=0/32=0%, Rehash=0, Collisions=0/0=0%

SRC/builtin/export_one.o: SRC/builtin/export_one.c
#  Implicit rule search has been done.
#  Implicit/static pattern stem: `SRC/builtin/export_one'
#  Last modified 2022-06-23 14:27:26
#  File has been updated.
#  Successfully updated.
# variable set hash-table stats:
# Load=0/32=0%, Rehash=0, Collisions=0/0=0%
#  commands to execute (from `Makefile', line 42):
	$(CC) -g $(CFLAGS) -c $< -o $@
	

SRC/rm_ctrl.o: SRC/rm_ctrl.c
#  Implicit rule search has been done.
#  Implicit/static pattern stem: `SRC/rm_ctrl'
#  Last modified 2022-06-23 14:27:26
#  File has been updated.
#  Successfully updated.
# variable set hash-table stats:
# Load=0/32=0%, Rehash=0, Collisions=0/0=0%
#  commands to execute (from `Makefile', line 42):
	$(CC) -g $(CFLAGS) -c $< -o $@
	

# files hash-table stats:
# Load=72/1024=7%, Rehash=0, Collisions=9/214=4%
# VPATH Search Paths

# No `vpath' search paths.

# No general (`VPATH' variable) search path.

# # of strings in strcache: 1
# # of strcache buffers: 1
# strcache size: total = 4096 / max = 4096 / min = 4096 / avg = 4096
# strcache free: total = 4087 / max = 4087 / min = 4087 / avg = 4087

# Finished Make data base on Thu Jun 23 14:27:40 2022

 
